<?xml version="1.0" encoding="UTF-8"?>
<testsuite name="ComputerRepairRequestTest" tests="2" skipped="0" failures="0" errors="0" timestamp="2025-03-04T15:23:52" hostname="STEFAN-LAPTOP" time="0.017">
  <properties/>
  <testcase name="FirstTest" classname="ComputerRepairRequestTest" time="0.015"/>
  <testcase name="FirstExemplu" classname="ComputerRepairRequestTest" time="0.001"/>
  <system-out><![CDATA[]]></system-out>
  <system-err><![CDATA[]]></system-err>
</testsuite>
